[28-Nov-2017 15:31:01 America/New_York] PHP Notice:  Undefined index: REDIRECT_HTTP_AUTHORIZATION in /var/www/html/vendor/tuupola/slim-jwt-auth/src/JwtAuthentication.php on line 200
[28-Nov-2017 15:31:01 America/New_York] PHP Fatal error:  Uncaught RuntimeException: Unexpected data in output buffer. Maybe you have characters before an opening <?php tag? in /var/www/html/vendor/slim/slim/Slim/App.php:588
Stack trace:
#0 /var/www/html/vendor/slim/slim/Slim/App.php(377): Slim\App->finalize(Object(Slim\Http\Response))
#1 /var/www/html/vendor/slim/slim/Slim/App.php(295): Slim\App->process(Object(Slim\Http\Request), Object(Slim\Http\Response))
#2 /var/www/html/public/index.php(16): Slim\App->run()
#3 {main}
  thrown in /var/www/html/vendor/slim/slim/Slim/App.php on line 588
[28-Nov-2017 15:32:28 America/New_York] PHP Fatal error:  Uncaught RuntimeException: Unexpected data in output buffer. Maybe you have characters before an opening <?php tag? in /var/www/html/vendor/slim/slim/Slim/App.php:588
Stack trace:
#0 /var/www/html/vendor/slim/slim/Slim/App.php(377): Slim\App->finalize(Object(Slim\Http\Response))
#1 /var/www/html/vendor/slim/slim/Slim/App.php(295): Slim\App->process(Object(Slim\Http\Request), Object(Slim\Http\Response))
#2 /var/www/html/public/index.php(16): Slim\App->run()
#3 {main}
  thrown in /var/www/html/vendor/slim/slim/Slim/App.php on line 588
[28-Nov-2017 15:33:16 America/New_York] PHP Fatal error:  Uncaught RuntimeException: Unexpected data in output buffer. Maybe you have characters before an opening <?php tag? in /var/www/html/vendor/slim/slim/Slim/App.php:588
Stack trace:
#0 /var/www/html/vendor/slim/slim/Slim/App.php(377): Slim\App->finalize(Object(Slim\Http\Response))
#1 /var/www/html/vendor/slim/slim/Slim/App.php(295): Slim\App->process(Object(Slim\Http\Request), Object(Slim\Http\Response))
#2 /var/www/html/public/index.php(16): Slim\App->run()
#3 {main}
  thrown in /var/www/html/vendor/slim/slim/Slim/App.php on line 588
[28-Nov-2017 15:52:43 America/New_York] PHP Notice:  Undefined variable: store in /var/www/html/apps/controllers/site/sign.php on line 35
[28-Nov-2017 15:52:43 America/New_York] PHP Fatal error:  Uncaught RuntimeException: Unexpected data in output buffer. Maybe you have characters before an opening <?php tag? in /var/www/html/vendor/slim/slim/Slim/App.php:588
Stack trace:
#0 /var/www/html/vendor/slim/slim/Slim/App.php(377): Slim\App->finalize(Object(Slim\Http\Response))
#1 /var/www/html/vendor/slim/slim/Slim/App.php(295): Slim\App->process(Object(Slim\Http\Request), Object(Slim\Http\Response))
#2 /var/www/html/public/index.php(16): Slim\App->run()
#3 {main}
  thrown in /var/www/html/vendor/slim/slim/Slim/App.php on line 588
[28-Nov-2017 16:22:34 America/New_York] PHP Fatal error:  Uncaught RuntimeException: Unexpected data in output buffer. Maybe you have characters before an opening <?php tag? in /var/www/html/vendor/slim/slim/Slim/App.php:588
Stack trace:
#0 /var/www/html/vendor/slim/slim/Slim/App.php(377): Slim\App->finalize(Object(Slim\Http\Response))
#1 /var/www/html/vendor/slim/slim/Slim/App.php(295): Slim\App->process(Object(Slim\Http\Request), Object(Slim\Http\Response))
#2 /var/www/html/public/index.php(16): Slim\App->run()
#3 {main}
  thrown in /var/www/html/vendor/slim/slim/Slim/App.php on line 588
[28-Nov-2017 16:22:51 America/New_York] PHP Fatal error:  Uncaught RuntimeException: Unexpected data in output buffer. Maybe you have characters before an opening <?php tag? in /var/www/html/vendor/slim/slim/Slim/App.php:588
Stack trace:
#0 /var/www/html/vendor/slim/slim/Slim/App.php(377): Slim\App->finalize(Object(Slim\Http\Response))
#1 /var/www/html/vendor/slim/slim/Slim/App.php(295): Slim\App->process(Object(Slim\Http\Request), Object(Slim\Http\Response))
#2 /var/www/html/public/index.php(16): Slim\App->run()
#3 {main}
  thrown in /var/www/html/vendor/slim/slim/Slim/App.php on line 588
[28-Nov-2017 16:23:12 America/New_York] PHP Warning:  explode() expects parameter 2 to be string, array given in /var/www/html/vendor/firebase/php-jwt/src/JWT.php on line 76
[28-Nov-2017 16:23:17 America/New_York] PHP Warning:  explode() expects parameter 2 to be string, array given in /var/www/html/vendor/firebase/php-jwt/src/JWT.php on line 76
[28-Nov-2017 16:23:20 America/New_York] PHP Warning:  explode() expects parameter 2 to be string, array given in /var/www/html/vendor/firebase/php-jwt/src/JWT.php on line 76
[28-Nov-2017 16:28:54 America/New_York] PHP Warning:  explode() expects parameter 2 to be string, array given in /var/www/html/vendor/firebase/php-jwt/src/JWT.php on line 76
[28-Nov-2017 16:32:02 America/New_York] PHP Warning:  explode() expects parameter 2 to be string, array given in /var/www/html/vendor/firebase/php-jwt/src/JWT.php on line 76
[28-Nov-2017 16:32:19 America/New_York] PHP Warning:  explode() expects parameter 2 to be string, array given in /var/www/html/vendor/firebase/php-jwt/src/JWT.php on line 76
[28-Nov-2017 16:34:03 America/New_York] PHP Fatal error:  Uncaught RuntimeException: Unexpected data in output buffer. Maybe you have characters before an opening <?php tag? in /var/www/html/vendor/slim/slim/Slim/App.php:588
Stack trace:
#0 /var/www/html/vendor/slim/slim/Slim/App.php(377): Slim\App->finalize(Object(Slim\Http\Response))
#1 /var/www/html/vendor/slim/slim/Slim/App.php(295): Slim\App->process(Object(Slim\Http\Request), Object(Slim\Http\Response))
#2 /var/www/html/public/index.php(16): Slim\App->run()
#3 {main}
  thrown in /var/www/html/vendor/slim/slim/Slim/App.php on line 588
[28-Nov-2017 16:34:24 America/New_York] PHP Fatal error:  Uncaught RuntimeException: Unexpected data in output buffer. Maybe you have characters before an opening <?php tag? in /var/www/html/vendor/slim/slim/Slim/App.php:588
Stack trace:
#0 /var/www/html/vendor/slim/slim/Slim/App.php(377): Slim\App->finalize(Object(Slim\Http\Response))
#1 /var/www/html/vendor/slim/slim/Slim/App.php(295): Slim\App->process(Object(Slim\Http\Request), Object(Slim\Http\Response))
#2 /var/www/html/public/index.php(16): Slim\App->run()
#3 {main}
  thrown in /var/www/html/vendor/slim/slim/Slim/App.php on line 588
[28-Nov-2017 16:34:42 America/New_York] PHP Fatal error:  Uncaught RuntimeException: Unexpected data in output buffer. Maybe you have characters before an opening <?php tag? in /var/www/html/vendor/slim/slim/Slim/App.php:588
Stack trace:
#0 /var/www/html/vendor/slim/slim/Slim/App.php(377): Slim\App->finalize(Object(Slim\Http\Response))
#1 /var/www/html/vendor/slim/slim/Slim/App.php(295): Slim\App->process(Object(Slim\Http\Request), Object(Slim\Http\Response))
#2 /var/www/html/public/index.php(16): Slim\App->run()
#3 {main}
  thrown in /var/www/html/vendor/slim/slim/Slim/App.php on line 588
[28-Nov-2017 16:34:58 America/New_York] PHP Warning:  explode() expects parameter 2 to be string, array given in /var/www/html/vendor/firebase/php-jwt/src/JWT.php on line 76
[28-Nov-2017 16:38:49 America/New_York] PHP Warning:  explode() expects parameter 2 to be string, array given in /var/www/html/vendor/firebase/php-jwt/src/JWT.php on line 76
[28-Nov-2017 16:39:23 America/New_York] PHP Warning:  explode() expects parameter 2 to be string, array given in /var/www/html/vendor/firebase/php-jwt/src/JWT.php on line 76
[28-Nov-2017 16:39:31 America/New_York] PHP Warning:  explode() expects parameter 2 to be string, array given in /var/www/html/vendor/firebase/php-jwt/src/JWT.php on line 76
[28-Nov-2017 16:39:43 America/New_York] PHP Warning:  explode() expects parameter 2 to be string, array given in /var/www/html/vendor/firebase/php-jwt/src/JWT.php on line 76
[28-Nov-2017 17:08:22 America/New_York] PHP Warning:  explode() expects parameter 2 to be string, array given in /var/www/html/vendor/firebase/php-jwt/src/JWT.php on line 76
[28-Nov-2017 17:08:30 America/New_York] PHP Warning:  explode() expects parameter 2 to be string, array given in /var/www/html/vendor/firebase/php-jwt/src/JWT.php on line 76
[28-Nov-2017 17:08:39 America/New_York] PHP Warning:  explode() expects parameter 2 to be string, array given in /var/www/html/vendor/firebase/php-jwt/src/JWT.php on line 76
[28-Nov-2017 17:08:56 America/New_York] PHP Warning:  explode() expects parameter 2 to be string, array given in /var/www/html/vendor/firebase/php-jwt/src/JWT.php on line 76
[28-Nov-2017 17:09:23 America/New_York] PHP Warning:  explode() expects parameter 2 to be string, array given in /var/www/html/vendor/firebase/php-jwt/src/JWT.php on line 76
[28-Nov-2017 17:09:40 America/New_York] PHP Warning:  explode() expects parameter 2 to be string, array given in /var/www/html/vendor/firebase/php-jwt/src/JWT.php on line 76
[28-Nov-2017 17:10:03 America/New_York] PHP Warning:  explode() expects parameter 2 to be string, array given in /var/www/html/vendor/firebase/php-jwt/src/JWT.php on line 76
[28-Nov-2017 17:10:04 America/New_York] PHP Warning:  explode() expects parameter 2 to be string, array given in /var/www/html/vendor/firebase/php-jwt/src/JWT.php on line 76
[28-Nov-2017 17:17:42 America/New_York] PHP Fatal error:  Uncaught RuntimeException: Unexpected data in output buffer. Maybe you have characters before an opening <?php tag? in /var/www/html/vendor/slim/slim/Slim/App.php:588
Stack trace:
#0 /var/www/html/vendor/slim/slim/Slim/App.php(377): Slim\App->finalize(Object(Slim\Http\Response))
#1 /var/www/html/vendor/slim/slim/Slim/App.php(295): Slim\App->process(Object(Slim\Http\Request), Object(Slim\Http\Response))
#2 /var/www/html/public/index.php(16): Slim\App->run()
#3 {main}
  thrown in /var/www/html/vendor/slim/slim/Slim/App.php on line 588
